[07/sep/2011:08:30:03 +0200] category=CORE severity=INFORMATION msgID=132 msg=El servidor de directorios está iniciando el proceso de aplicación del código de inicio en la configuración
[07/sep/2011:08:30:04 +0200] category=EXTENSIONS severity=INFORMATION msgID=1049147 msg=Extensión cargada desde el archivo '/home/djimenez/proyectos/sources/djimenez/djimenez-utilities/applications/oauth/OpenDS/lib/extensions/snmp-mib2605.jar' (versión 2.2.1, revisión 6621) 
[07/sep/2011:08:30:04 +0200] category=CORE severity=NOTICE msgID=458886 msg=OpenDS Directory Server 2.2.1 (versión 20101006075542Z, R6621) iniciándose
[07/sep/2011:08:30:09 +0200] category=RUNTIME_INFORMATION severity=NOTICE msgID=20381717 msg=Directorio de instalación:  /home/djimenez/proyectos/sources/djimenez/djimenez-utilities/applications/oauth/OpenDS
[07/sep/2011:08:30:09 +0200] category=RUNTIME_INFORMATION severity=NOTICE msgID=20381719 msg=Directorio de instancias:  /home/djimenez/proyectos/sources/djimenez/djimenez-utilities/applications/oauth/OpenDS
[07/sep/2011:08:30:09 +0200] category=RUNTIME_INFORMATION severity=NOTICE msgID=20381713 msg=Información de JVM: 1.6.0_18-b07 por Sun Microsystems Inc., arquitectura de 32-bit, tamaño de pila de 939524096 bytes
[07/sep/2011:08:30:09 +0200] category=RUNTIME_INFORMATION severity=NOTICE msgID=20381714 msg=Host de JVM: wiloc.gowex.com, ejecutando Linux 2.6.32-33-generic-pae i386, tamaño de memoria física de 4220289024 bytes, número de procesadores disponibles 2
[07/sep/2011:08:30:09 +0200] category=RUNTIME_INFORMATION severity=NOTICE msgID=20381715 msg=Argumentos de JVM: "-Dorg.opends.server.scriptName=start-ds"
[07/sep/2011:08:30:09 +0200] category=ACCESS_CONTROL severity=INFORMATION msgID=12582978 msg=Los tipos de atributo 11 de la instrucción de control de acceso (ACI, Access Control Instruction) añadidos a la máquina de evaluación del control de acceso
[07/sep/2011:08:30:10 +0200] category=BACKEND severity=INFORMATION msgID=9437595 msg=La copia de seguridad de DB local userRoot no especifica el número de tablas de bloqueo: estableciendo de forma predeterminada en 53
[07/sep/2011:08:30:10 +0200] category=BACKEND severity=INFORMATION msgID=9437594 msg=La copia de seguridad de DB local userRoot no especifica el número de subprocesos del depurador: estableciendo de forma predeterminada en 2 subprocesos
[07/sep/2011:08:30:11 +0200] category=JEB severity=NOTICE msgID=8847510 msg=Debido a cambios producidos en la configuración, el índice dc_gowex_dc_com_memberof está operando actualmente en un estado degradado y debe reconstruirse antes de que se pueda utilizar
[07/sep/2011:08:30:11 +0200] category=JEB severity=NOTICE msgID=8847510 msg=Debido a cambios producidos en la configuración, el índice dc_gowex_dc_com_iplanet-am-user-federation-info-key está operando actualmente en un estado degradado y debe reconstruirse antes de que se pueda utilizar
[07/sep/2011:08:30:11 +0200] category=JEB severity=NOTICE msgID=8847510 msg=Debido a cambios producidos en la configuración, el índice dc_gowex_dc_com_sun-fm-saml2-nameid-infokey está operando actualmente en un estado degradado y debe reconstruirse antes de que se pueda utilizar
[07/sep/2011:08:30:11 +0200] category=JEB severity=NOTICE msgID=8847402 msg=Se ha iniciado el servidor de fondo de la base de datos userRoot que contiene 7 entradas
[07/sep/2011:08:30:11 +0200] category=ACCESS_CONTROL severity=INFORMATION msgID=12582962 msg=Los tipos de atributo 4 de la instrucción de control de acceso (ACI, Access Control Instruction) encontrados en el contexto "dc=gowex,dc=com" que se han añadido a la máquina de evaluación del control de acceso
[07/sep/2011:08:30:11 +0200] category=EXTENSIONS severity=INFORMATION msgID=1048797 msg=El mecanismo DIGEST-MD5 (SASL) está utilizando un nombre de dominio totalmente cualificado de: wiloc.gowex.com
[07/sep/2011:08:30:12 +0200] category=CORE severity=INFORMATION msgID=720 msg=No se ha especificado ningún tamaño de grupo para los subprocesos de cola de grupo: ajustando el tamaño de forma automática para utilizar 24 subprocesos
[07/sep/2011:08:30:12 +0200] category=PROTOCOL severity=NOTICE msgID=2556180 msg=Se empezó a recibir nuevas conexiones en Administration Connector 0.0.0.0 port 4444
[07/sep/2011:08:30:12 +0200] category=PROTOCOL severity=NOTICE msgID=2556180 msg=Se empezó a recibir nuevas conexiones en LDAP Connection Handler 0.0.0.0 port 1389
[07/sep/2011:08:30:12 +0200] category=CORE severity=NOTICE msgID=458887 msg=El servidor de directorios se ha iniciado correctamente
[07/sep/2011:08:30:12 +0200] category=CORE severity=NOTICE msgID=458891 msg=El servidor de directorios ha enviado una notificación de alerta generada por la clase org.opends.server.core.DirectoryServer (tipo de alerta org.opends.server.DirectoryServerStarted, Id. de alerta 458887):  El servidor de directorios se ha iniciado correctamente
